<?xml version="1.0" encoding="UTF-8"?>
<!-- Generated by org.testng.reporters.JUnitReportReporter -->
<testsuite hostname="DESKTOP-AKDJE3T" failures="0" tests="1" name="com.ebanking.master.RoleNG" time="23.712" errors="0" timestamp="2024-04-03T12:52:55 EDT" skipped="0">
  <testcase classname="com.ebanking.master.RoleNG" name="Role" time="23.712"/>
</testsuite> <!-- com.ebanking.master.RoleNG -->
