<?xml version="1.0" encoding="UTF-8"?>
<!-- Generated by org.testng.reporters.JUnitReportReporter -->
<testsuite hostname="DESKTOP-AKDJE3T" failures="0" tests="3" name="com.ebanking.master.BranchNG" time="38.834" errors="0" timestamp="2024-04-03T12:52:55 EDT" skipped="0">
  <testcase classname="com.ebanking.master.BranchNG" name="Br" time="12.324"/>
  <testcase classname="com.ebanking.master.BranchNG" name="Br" time="14.140"/>
  <testcase classname="com.ebanking.master.BranchNG" name="Br" time="12.370"/>
</testsuite> <!-- com.ebanking.master.BranchNG -->
