<?xml version="1.0" encoding="UTF-8"?>
<!-- Generated by org.testng.reporters.JUnitReportReporter -->
<testsuite hostname="DESKTOP-AKDJE3T" failures="0" tests="3" name="com.ebanking.master.EmployeeNG" time="45.050" errors="0" timestamp="2024-04-03T12:52:55 EDT" skipped="0">
  <testcase classname="com.ebanking.master.EmployeeNG" name="Emp" time="13.054"/>
  <testcase classname="com.ebanking.master.EmployeeNG" name="Emp" time="13.442"/>
  <testcase classname="com.ebanking.master.EmployeeNG" name="Emp" time="18.554"/>
</testsuite> <!-- com.ebanking.master.EmployeeNG -->
