<?xml version="1.0" encoding="UTF-8"?>
<!-- Generated by org.testng.reporters.JUnitReportReporter -->
<testsuite hostname="DESKTOP-AKDJE3T" failures="0" tests="5" name="com.ebanking.master.ExePOM" time="137.635" errors="0" timestamp="2024-04-09T15:13:22 EDT" skipped="0">
  <testcase classname="com.ebanking.master.ExePOM" name="BCr" time="59.326"/>
  <testcase classname="com.ebanking.master.ExePOM" name="ECr" time="41.650"/>
  <testcase classname="com.ebanking.master.ExePOM" name="RCr" time="33.878"/>
  <testcase classname="com.ebanking.master.ExePOM" name="AdminLogout" time="0.504"/>
  <testcase classname="com.ebanking.master.ExePOM" name="BankerLogin" time="2.277"/>
</testsuite> <!-- com.ebanking.master.ExePOM -->
